2020-05-03T14:47:09.480550+00:00 heroku[web.1]: State changed from crashed to starting
2020-05-03T14:47:15.505247+00:00 app[web.1]: Setting JAVA_TOOL_OPTIONS defaults based on dyno size. Custom settings will override them.
2020-05-03T14:47:15.509657+00:00 app[web.1]: Picked up JAVA_TOOL_OPTIONS: -XX:+UseContainerSupport -Xmx300m -Xss512k -XX:CICompilerCount=2 -Dfile.encoding=UTF-8
2020-05-03T14:47:16.695970+00:00 app[web.1]: 
2020-05-03T14:47:16.696032+00:00 app[web.1]: .   ____          _            __ _ _
2020-05-03T14:47:16.696114+00:00 app[web.1]: /\\ / ___'_ __ _ _(_)_ __  __ _ \ \ \ \
2020-05-03T14:47:16.696187+00:00 app[web.1]: ( ( )\___ | '_ | '_| | '_ \/ _` | \ \ \ \
2020-05-03T14:47:16.696266+00:00 app[web.1]: \\/  ___)| |_)| | | | | || (_| |  ) ) ) )
2020-05-03T14:47:16.696365+00:00 app[web.1]: '  |____| .__|_| |_|_| |_\__, | / / / /
2020-05-03T14:47:16.696391+00:00 app[web.1]: =========|_|==============|___/=/_/_/_/
2020-05-03T14:47:16.697487+00:00 app[web.1]: :: Spring Boot ::        (v2.2.5.RELEASE)
2020-05-03T14:47:16.697524+00:00 app[web.1]: 
2020-05-03T14:47:16.842445+00:00 app[web.1]: 2020-05-03 14:47:16.839  INFO 4 --- [           main] i.j.c.CoronavirusTrackerApplication      : Starting CoronavirusTrackerApplication v0.0.1-SNAPSHOT on 09fe192b-a625-4755-a1c0-219318398371 with PID 4 (/app/target/coronavirus-tracker-0.0.1-SNAPSHOT.jar started by u15352 in /app)
2020-05-03T14:47:16.843485+00:00 app[web.1]: 2020-05-03 14:47:16.843  INFO 4 --- [           main] i.j.c.CoronavirusTrackerApplication      : No active profile set, falling back to default profiles: default
2020-05-03T14:47:18.478511+00:00 app[web.1]: 2020-05-03 14:47:18.478  INFO 4 --- [           main] o.s.b.w.embedded.tomcat.TomcatWebServer  : Tomcat initialized with port(s): 80 (http)
2020-05-03T14:47:18.493229+00:00 app[web.1]: 2020-05-03 14:47:18.493  INFO 4 --- [           main] o.apache.catalina.core.StandardService   : Starting service [Tomcat]
2020-05-03T14:47:18.493544+00:00 app[web.1]: 2020-05-03 14:47:18.493  INFO 4 --- [           main] org.apache.catalina.core.StandardEngine  : Starting Servlet engine: [Apache Tomcat/9.0.31]
2020-05-03T14:47:18.576875+00:00 app[web.1]: 2020-05-03 14:47:18.576  INFO 4 --- [           main] o.a.c.c.C.[Tomcat].[localhost].[/]       : Initializing Spring embedded WebApplicationContext
2020-05-03T14:47:18.576996+00:00 app[web.1]: 2020-05-03 14:47:18.576  INFO 4 --- [           main] o.s.web.context.ContextLoader            : Root WebApplicationContext: initialization completed in 1635 ms
2020-05-03T14:47:18.917358+00:00 app[web.1]: \-> Loading CSV file;
2020-05-03T14:47:19.339821+00:00 app[web.1]: \-> Processing ....
2020-05-03T14:47:19.373709+00:00 app[web.1]: \-> Donne!
2020-05-03T14:47:19.682817+00:00 app[web.1]: 2020-05-03 14:47:19.682  INFO 4 --- [           main] o.s.s.concurrent.ThreadPoolTaskExecutor  : Initializing ExecutorService 'applicationTaskExecutor'
2020-05-03T14:47:20.049178+00:00 app[web.1]: 2020-05-03 14:47:20.048  INFO 4 --- [           main] o.s.s.c.ThreadPoolTaskScheduler          : Initializing ExecutorService 'taskScheduler'
2020-05-03T14:47:20.123294+00:00 app[web.1]: 2020-05-03 14:47:20.122  INFO 4 --- [           main] o.apache.catalina.core.StandardService   : Stopping service [Tomcat]
2020-05-03T14:47:20.139474+00:00 app[web.1]: 2020-05-03 14:47:20.139  INFO 4 --- [           main] ConditionEvaluationReportLoggingListener :
2020-05-03T14:47:20.139476+00:00 app[web.1]: 
2020-05-03T14:47:20.139477+00:00 app[web.1]: Error starting ApplicationContext. To display the conditions report re-run your application with 'debug' enabled.
2020-05-03T14:47:20.147800+00:00 app[web.1]: 2020-05-03 14:47:20.147 ERROR 4 --- [           main] o.s.boot.SpringApplication               : Application run failed
2020-05-03T14:47:20.147801+00:00 app[web.1]: 
2020-05-03T14:47:20.147802+00:00 app[web.1]: org.springframework.boot.web.server.WebServerException: Unable to start embedded Tomcat server
2020-05-03T14:47:20.147803+00:00 app[web.1]: at org.springframework.boot.web.embedded.tomcat.TomcatWebServer.start(TomcatWebServer.java:215) ~[spring-boot-2.2.5.RELEASE.jar!/:2.2.5.RELEASE]
2020-05-03T14:47:20.147807+00:00 app[web.1]: at org.springframework.boot.web.servlet.context.ServletWebServerApplicationContext.startWebServer(ServletWebServerApplicationContext.java:297) ~[spring-boot-2.2.5.RELEASE.jar!/:2.2.5.RELEASE]
2020-05-03T14:47:20.147808+00:00 app[web.1]: at org.springframework.boot.web.servlet.context.ServletWebServerApplicationContext.finishRefresh(ServletWebServerApplicationContext.java:163) ~[spring-boot-2.2.5.RELEASE.jar!/:2.2.5.RELEASE]
2020-05-03T14:47:20.147815+00:00 app[web.1]: at org.springframework.context.support.AbstractApplicationContext.refresh(AbstractApplicationContext.java:553) ~[spring-context-5.2.4.RELEASE.jar!/:5.2.4.RELEASE]
2020-05-03T14:47:20.147815+00:00 app[web.1]: at org.springframework.boot.web.servlet.context.ServletWebServerApplicationContext.refresh(ServletWebServerApplicationContext.java:141) ~[spring-boot-2.2.5.RELEASE.jar!/:2.2.5.RELEASE]
2020-05-03T14:47:20.147816+00:00 app[web.1]: at org.springframework.boot.SpringApplication.refresh(SpringApplication.java:747) ~[spring-boot-2.2.5.RELEASE.jar!/:2.2.5.RELEASE]
2020-05-03T14:47:20.147816+00:00 app[web.1]: at org.springframework.boot.SpringApplication.refreshContext(SpringApplication.java:397) ~[spring-boot-2.2.5.RELEASE.jar!/:2.2.5.RELEASE]
2020-05-03T14:47:20.147817+00:00 app[web.1]: at org.springframework.boot.SpringApplication.run(SpringApplication.java:315) ~[spring-boot-2.2.5.RELEASE.jar!/:2.2.5.RELEASE]
2020-05-03T14:47:20.147817+00:00 app[web.1]: at org.springframework.boot.SpringApplication.run(SpringApplication.java:1226) ~[spring-boot-2.2.5.RELEASE.jar!/:2.2.5.RELEASE]
2020-05-03T14:47:20.147817+00:00 app[web.1]: at org.springframework.boot.SpringApplication.run(SpringApplication.java:1215) ~[spring-boot-2.2.5.RELEASE.jar!/:2.2.5.RELEASE]
2020-05-03T14:47:20.147818+00:00 app[web.1]: at io.javabrains.coronavirustracker.CoronavirusTrackerApplication.main(CoronavirusTrackerApplication.java:12) ~[classes!/:0.0.1-SNAPSHOT]
2020-05-03T14:47:20.147818+00:00 app[web.1]: at java.base/jdk.internal.reflect.NativeMethodAccessorImpl.invoke0(Native Method) ~[na:na]
2020-05-03T14:47:20.147819+00:00 app[web.1]: at java.base/jdk.internal.reflect.NativeMethodAccessorImpl.invoke(NativeMethodAccessorImpl.java:62) ~[na:na]
2020-05-03T14:47:20.147819+00:00 app[web.1]: at java.base/jdk.internal.reflect.DelegatingMethodAccessorImpl.invoke(DelegatingMethodAccessorImpl.java:43) ~[na:na]
2020-05-03T14:47:20.147820+00:00 app[web.1]: at java.base/java.lang.reflect.Method.invoke(Method.java:567) ~[na:na]
2020-05-03T14:47:20.147820+00:00 app[web.1]: at org.springframework.boot.loader.MainMethodRunner.run(MainMethodRunner.java:48) ~[coronavirus-tracker-0.0.1-SNAPSHOT.jar:0.0.1-SNAPSHOT]
2020-05-03T14:47:20.147821+00:00 app[web.1]: at org.springframework.boot.loader.Launcher.launch(Launcher.java:87) ~[coronavirus-tracker-0.0.1-SNAPSHOT.jar:0.0.1-SNAPSHOT]
2020-05-03T14:47:20.147821+00:00 app[web.1]: at org.springframework.boot.loader.Launcher.launch(Launcher.java:51) ~[coronavirus-tracker-0.0.1-SNAPSHOT.jar:0.0.1-SNAPSHOT]
2020-05-03T14:47:20.147864+00:00 app[web.1]: at org.springframework.boot.loader.JarLauncher.main(JarLauncher.java:52) ~[coronavirus-tracker-0.0.1-SNAPSHOT.jar:0.0.1-SNAPSHOT]
2020-05-03T14:47:20.147866+00:00 app[web.1]: Caused by: java.lang.IllegalArgumentException: standardService.connector.startFailed
2020-05-03T14:47:20.147866+00:00 app[web.1]: at org.apache.catalina.core.StandardService.addConnector(StandardService.java:231) ~[tomcat-embed-core-9.0.31.jar!/:9.0.31]
2020-05-03T14:47:20.147866+00:00 app[web.1]: at org.springframework.boot.web.embedded.tomcat.TomcatWebServer.addPreviouslyRemovedConnectors(TomcatWebServer.java:278) ~[spring-boot-2.2.5.RELEASE.jar!/:2.2.5.RELEASE]
2020-05-03T14:47:20.147867+00:00 app[web.1]: at org.springframework.boot.web.embedded.tomcat.TomcatWebServer.start(TomcatWebServer.java:197) ~[spring-boot-2.2.5.RELEASE.jar!/:2.2.5.RELEASE]
2020-05-03T14:47:20.147867+00:00 app[web.1]: ... 18 common frames omitted
2020-05-03T14:47:20.147868+00:00 app[web.1]: Caused by: org.apache.catalina.LifecycleException: Protocol handler start failed
2020-05-03T14:47:20.147868+00:00 app[web.1]: at org.apache.catalina.connector.Connector.startInternal(Connector.java:1038) ~[tomcat-embed-core-9.0.31.jar!/:9.0.31]
2020-05-03T14:47:20.147868+00:00 app[web.1]: at org.apache.catalina.util.LifecycleBase.start(LifecycleBase.java:183) ~[tomcat-embed-core-9.0.31.jar!/:9.0.31]
2020-05-03T14:47:20.147869+00:00 app[web.1]: at org.apache.catalina.core.StandardService.addConnector(StandardService.java:227) ~[tomcat-embed-core-9.0.31.jar!/:9.0.31]
2020-05-03T14:47:20.147869+00:00 app[web.1]: ... 20 common frames omitted
2020-05-03T14:47:20.147869+00:00 app[web.1]: Caused by: java.net.SocketException: Permission denied
2020-05-03T14:47:20.147870+00:00 app[web.1]: at java.base/sun.nio.ch.Net.bind0(Native Method) ~[na:na]
2020-05-03T14:47:20.147870+00:00 app[web.1]: at java.base/sun.nio.ch.Net.bind(Net.java:455) ~[na:na]
2020-05-03T14:47:20.147870+00:00 app[web.1]: at java.base/sun.nio.ch.Net.bind(Net.java:447) ~[na:na]
2020-05-03T14:47:20.147876+00:00 app[web.1]: at java.base/sun.nio.ch.ServerSocketChannelImpl.bind(ServerSocketChannelImpl.java:219) ~[na:na]
2020-05-03T14:47:20.147876+00:00 app[web.1]: at java.base/sun.nio.ch.ServerSocketAdaptor.bind(ServerSocketAdaptor.java:80) ~[na:na]
2020-05-03T14:47:20.147876+00:00 app[web.1]: at org.apache.tomcat.util.net.NioEndpoint.initServerSocket(NioEndpoint.java:229) ~[tomcat-embed-core-9.0.31.jar!/:9.0.31]
2020-05-03T14:47:20.147876+00:00 app[web.1]: at org.apache.tomcat.util.net.NioEndpoint.bind(NioEndpoint.java:212) ~[tomcat-embed-core-9.0.31.jar!/:9.0.31]
2020-05-03T14:47:20.147877+00:00 app[web.1]: at org.apache.tomcat.util.net.AbstractEndpoint.bindWithCleanup(AbstractEndpoint.java:1141) ~[tomcat-embed-core-9.0.31.jar!/:9.0.31]
2020-05-03T14:47:20.147877+00:00 app[web.1]: at org.apache.tomcat.util.net.AbstractEndpoint.start(AbstractEndpoint.java:1227) ~[tomcat-embed-core-9.0.31.jar!/:9.0.31]
2020-05-03T14:47:20.147877+00:00 app[web.1]: at org.apache.coyote.AbstractProtocol.start(AbstractProtocol.java:592) ~[tomcat-embed-core-9.0.31.jar!/:9.0.31]
2020-05-03T14:47:20.147877+00:00 app[web.1]: at org.apache.catalina.connector.Connector.startInternal(Connector.java:1035) ~[tomcat-embed-core-9.0.31.jar!/:9.0.31]
2020-05-03T14:47:20.147878+00:00 app[web.1]: ... 22 common frames omitted
2020-05-03T14:47:20.147878+00:00 app[web.1]: 
2020-05-03T14:47:20.150111+00:00 app[web.1]: 2020-05-03 14:47:20.149  INFO 4 --- [           main] o.s.s.c.ThreadPoolTaskScheduler          : Shutting down ExecutorService 'taskScheduler'
2020-05-03T14:47:20.150815+00:00 app[web.1]: 2020-05-03 14:47:20.150  INFO 4 --- [           main] o.s.s.concurrent.ThreadPoolTaskExecutor  : Shutting down ExecutorService 'applicationTaskExecutor'
2020-05-03T14:47:20.572908+00:00 heroku[web.1]: State changed from starting to crashed
